Analysis & Synthesis report for Group_3
Fri Jan 14 14:20:27 2022
Quartus Prime Version 18.1.0 Build 625 09/12/2018 SJ Lite Edition


---------------------
; Table of Contents ;
---------------------
  1. Legal Notice
  2. Analysis & Synthesis Summary
  3. Analysis & Synthesis Settings
  4. Parallel Compilation
  5. Analysis & Synthesis Source Files Read
  6. Analysis & Synthesis Resource Usage Summary
  7. Analysis & Synthesis Resource Utilization by Entity
  8. User-Specified and Inferred Latches
  9. Registers Removed During Synthesis
 10. General Register Statistics
 11. Inverted Register Statistics
 12. Multiplexer Restructuring Statistics (Restructuring Performed)
 13. Post-Synthesis Netlist Statistics for Top Partition
 14. Elapsed Time Per Partition
 15. Analysis & Synthesis Messages



----------------
; Legal Notice ;
----------------
Copyright (C) 2018  Intel Corporation. All rights reserved.
Your use of Intel Corporation's design tools, logic functions 
and other software and tools, and its AMPP partner logic 
functions, and any output files from any of the foregoing 
(including device programming or simulation files), and any 
associated documentation or information are expressly subject 
to the terms and conditions of the Intel Program License 
Subscription Agreement, the Intel Quartus Prime License Agreement,
the Intel FPGA IP License Agreement, or other applicable license
agreement, including, without limitation, that your use is for
the sole purpose of programming logic devices manufactured by
Intel and sold by Intel or its authorized distributors.  Please
refer to the applicable agreement for further details.



+----------------------------------------------------------------------------------+
; Analysis & Synthesis Summary                                                     ;
+------------------------------------+---------------------------------------------+
; Analysis & Synthesis Status        ; Successful - Fri Jan 14 14:20:27 2022       ;
; Quartus Prime Version              ; 18.1.0 Build 625 09/12/2018 SJ Lite Edition ;
; Revision Name                      ; Group_3                                     ;
; Top-level Entity Name              ; ANA_CLK_CNT_1                               ;
; Family                             ; MAX 10                                      ;
; Total logic elements               ; 2,008                                       ;
;     Total combinational functions  ; 2,007                                       ;
;     Dedicated logic registers      ; 291                                         ;
; Total registers                    ; 291                                         ;
; Total pins                         ; 108                                         ;
; Total virtual pins                 ; 0                                           ;
; Total memory bits                  ; 0                                           ;
; Embedded Multiplier 9-bit elements ; 0                                           ;
; Total PLLs                         ; 0                                           ;
; UFM blocks                         ; 0                                           ;
; ADC blocks                         ; 0                                           ;
+------------------------------------+---------------------------------------------+


+------------------------------------------------------------------------------------------------------------+
; Analysis & Synthesis Settings                                                                              ;
+------------------------------------------------------------------+--------------------+--------------------+
; Option                                                           ; Setting            ; Default Value      ;
+------------------------------------------------------------------+--------------------+--------------------+
; Device                                                           ; 10M50DAF484C7G     ;                    ;
; Top-level entity name                                            ; ANA_CLK_CNT_1      ; Group_3            ;
; Family name                                                      ; MAX 10             ; Cyclone V          ;
; Use smart compilation                                            ; Off                ; Off                ;
; Enable parallel Assembler and Timing Analyzer during compilation ; On                 ; On                 ;
; Enable compact report table                                      ; Off                ; Off                ;
; Restructure Multiplexers                                         ; Auto               ; Auto               ;
; Create Debugging Nodes for IP Cores                              ; Off                ; Off                ;
; Preserve fewer node names                                        ; On                 ; On                 ;
; Intel FPGA IP Evaluation Mode                                    ; Enable             ; Enable             ;
; Verilog Version                                                  ; Verilog_2001       ; Verilog_2001       ;
; VHDL Version                                                     ; VHDL_1993          ; VHDL_1993          ;
; State Machine Processing                                         ; Auto               ; Auto               ;
; Safe State Machine                                               ; Off                ; Off                ;
; Extract Verilog State Machines                                   ; On                 ; On                 ;
; Extract VHDL State Machines                                      ; On                 ; On                 ;
; Ignore Verilog initial constructs                                ; Off                ; Off                ;
; Iteration limit for constant Verilog loops                       ; 5000               ; 5000               ;
; Iteration limit for non-constant Verilog loops                   ; 250                ; 250                ;
; Add Pass-Through Logic to Inferred RAMs                          ; On                 ; On                 ;
; Infer RAMs from Raw Logic                                        ; On                 ; On                 ;
; Parallel Synthesis                                               ; On                 ; On                 ;
; DSP Block Balancing                                              ; Auto               ; Auto               ;
; NOT Gate Push-Back                                               ; On                 ; On                 ;
; Power-Up Don't Care                                              ; On                 ; On                 ;
; Remove Redundant Logic Cells                                     ; Off                ; Off                ;
; Remove Duplicate Registers                                       ; On                 ; On                 ;
; Ignore CARRY Buffers                                             ; Off                ; Off                ;
; Ignore CASCADE Buffers                                           ; Off                ; Off                ;
; Ignore GLOBAL Buffers                                            ; Off                ; Off                ;
; Ignore ROW GLOBAL Buffers                                        ; Off                ; Off                ;
; Ignore LCELL Buffers                                             ; Off                ; Off                ;
; Ignore SOFT Buffers                                              ; On                 ; On                 ;
; Limit AHDL Integers to 32 Bits                                   ; Off                ; Off                ;
; Optimization Technique                                           ; Balanced           ; Balanced           ;
; Carry Chain Length                                               ; 70                 ; 70                 ;
; Auto Carry Chains                                                ; On                 ; On                 ;
; Auto Open-Drain Pins                                             ; On                 ; On                 ;
; Perform WYSIWYG Primitive Resynthesis                            ; Off                ; Off                ;
; Auto ROM Replacement                                             ; On                 ; On                 ;
; Auto RAM Replacement                                             ; On                 ; On                 ;
; Auto DSP Block Replacement                                       ; On                 ; On                 ;
; Auto Shift Register Replacement                                  ; Auto               ; Auto               ;
; Allow Shift Register Merging across Hierarchies                  ; Auto               ; Auto               ;
; Auto Clock Enable Replacement                                    ; On                 ; On                 ;
; Strict RAM Replacement                                           ; Off                ; Off                ;
; Allow Synchronous Control Signals                                ; On                 ; On                 ;
; Force Use of Synchronous Clear Signals                           ; Off                ; Off                ;
; Auto RAM Block Balancing                                         ; On                 ; On                 ;
; Auto RAM to Logic Cell Conversion                                ; Off                ; Off                ;
; Auto Resource Sharing                                            ; Off                ; Off                ;
; Allow Any RAM Size For Recognition                               ; Off                ; Off                ;
; Allow Any ROM Size For Recognition                               ; Off                ; Off                ;
; Allow Any Shift Register Size For Recognition                    ; Off                ; Off                ;
; Use LogicLock Constraints during Resource Balancing              ; On                 ; On                 ;
; Ignore translate_off and synthesis_off directives                ; Off                ; Off                ;
; Timing-Driven Synthesis                                          ; On                 ; On                 ;
; Report Parameter Settings                                        ; On                 ; On                 ;
; Report Source Assignments                                        ; On                 ; On                 ;
; Report Connectivity Checks                                       ; On                 ; On                 ;
; Ignore Maximum Fan-Out Assignments                               ; Off                ; Off                ;
; Synchronization Register Chain Length                            ; 2                  ; 2                  ;
; Power Optimization During Synthesis                              ; Normal compilation ; Normal compilation ;
; HDL message level                                                ; Level2             ; Level2             ;
; Suppress Register Optimization Related Messages                  ; Off                ; Off                ;
; Number of Removed Registers Reported in Synthesis Report         ; 5000               ; 5000               ;
; Number of Swept Nodes Reported in Synthesis Report               ; 5000               ; 5000               ;
; Number of Inverted Registers Reported in Synthesis Report        ; 100                ; 100                ;
; Clock MUX Protection                                             ; On                 ; On                 ;
; Auto Gated Clock Conversion                                      ; Off                ; Off                ;
; Block Design Naming                                              ; Auto               ; Auto               ;
; SDC constraint protection                                        ; Off                ; Off                ;
; Synthesis Effort                                                 ; Auto               ; Auto               ;
; Shift Register Replacement - Allow Asynchronous Clear Signal     ; On                 ; On                 ;
; Pre-Mapping Resynthesis Optimization                             ; Off                ; Off                ;
; Analysis & Synthesis Message Level                               ; Medium             ; Medium             ;
; Disable Register Merging Across Hierarchies                      ; Auto               ; Auto               ;
; Resource Aware Inference For Block RAM                           ; On                 ; On                 ;
+------------------------------------------------------------------+--------------------+--------------------+


+------------------------------------------+
; Parallel Compilation                     ;
+----------------------------+-------------+
; Processors                 ; Number      ;
+----------------------------+-------------+
; Number detected on machine ; 4           ;
; Maximum allowed            ; 2           ;
;                            ;             ;
; Average used               ; 1.00        ;
; Maximum used               ; 2           ;
;                            ;             ;
; Usage by Processor         ; % Time Used ;
;     Processor 1            ; 100.0%      ;
;     Processor 2            ;   0.1%      ;
+----------------------------+-------------+


+-------------------------------------------------------------------------------------------------------------------------------+
; Analysis & Synthesis Source Files Read                                                                                        ;
+----------------------------------+-----------------+-----------------+----------------------------------------------+---------+
; File Name with User-Entered Path ; Used in Netlist ; File Type       ; File Name with Absolute Path                 ; Library ;
+----------------------------------+-----------------+-----------------+----------------------------------------------+---------+
; Pl_CLK.vhd                       ; yes             ; User VHDL File  ; C:/Users/ADMIN/Desktop/zee/Pl_CLK.vhd        ;         ;
; ALM_CLK.vhd                      ; yes             ; User VHDL File  ; C:/Users/ADMIN/Desktop/zee/ALM_CLK.vhd       ;         ;
; ANA_CLK_CNT_1.vhd                ; yes             ; User VHDL File  ; C:/Users/ADMIN/Desktop/zee/ANA_CLK_CNT_1.vhd ;         ;
+----------------------------------+-----------------+-----------------+----------------------------------------------+---------+


+-----------------------------------------------------------+
; Analysis & Synthesis Resource Usage Summary               ;
+---------------------------------------------+-------------+
; Resource                                    ; Usage       ;
+---------------------------------------------+-------------+
; Estimated Total logic elements              ; 2,008       ;
;                                             ;             ;
; Total combinational functions               ; 2007        ;
; Logic element usage by number of LUT inputs ;             ;
;     -- 4 input functions                    ; 1248        ;
;     -- 3 input functions                    ; 292         ;
;     -- <=2 input functions                  ; 467         ;
;                                             ;             ;
; Logic elements by mode                      ;             ;
;     -- normal mode                          ; 1746        ;
;     -- arithmetic mode                      ; 261         ;
;                                             ;             ;
; Total registers                             ; 291         ;
;     -- Dedicated logic registers            ; 291         ;
;     -- I/O registers                        ; 0           ;
;                                             ;             ;
; I/O pins                                    ; 108         ;
;                                             ;             ;
; Embedded Multiplier 9-bit elements          ; 0           ;
;                                             ;             ;
; Maximum fan-out node                        ; SW[1]~input ;
; Maximum fan-out                             ; 331         ;
; Total fan-out                               ; 7905        ;
; Average fan-out                             ; 3.14        ;
+---------------------------------------------+-------------+


+----------------------------------------------------------------------------------------------------------------------------------------------------------------------------------------------------------------------------------------------------+
; Analysis & Synthesis Resource Utilization by Entity                                                                                                                                                                                                ;
+----------------------------+---------------------+---------------------------+-------------+------------+--------------+---------+-----------+------+--------------+------------+-----------------------------------+---------------+--------------+
; Compilation Hierarchy Node ; Combinational ALUTs ; Dedicated Logic Registers ; Memory Bits ; UFM Blocks ; DSP Elements ; DSP 9x9 ; DSP 18x18 ; Pins ; Virtual Pins ; ADC blocks ; Full Hierarchy Name               ; Entity Name   ; Library Name ;
+----------------------------+---------------------+---------------------------+-------------+------------+--------------+---------+-----------+------+--------------+------------+-----------------------------------+---------------+--------------+
; |ANA_CLK_CNT_1             ; 2007 (1940)         ; 291 (241)                 ; 0           ; 0          ; 0            ; 0       ; 0         ; 108  ; 0            ; 0          ; |ANA_CLK_CNT_1                    ; ANA_CLK_CNT_1 ; work         ;
;    |ALM_CLK:DISP_CLK_4|    ; 32 (32)             ; 24 (24)                   ; 0           ; 0          ; 0            ; 0       ; 0         ; 0    ; 0            ; 0          ; |ANA_CLK_CNT_1|ALM_CLK:DISP_CLK_4 ; ALM_CLK       ; work         ;
;    |Pl_CLK:DISP_CLK_3|     ; 35 (35)             ; 26 (26)                   ; 0           ; 0          ; 0            ; 0       ; 0         ; 0    ; 0            ; 0          ; |ANA_CLK_CNT_1|Pl_CLK:DISP_CLK_3  ; Pl_CLK        ; work         ;
+----------------------------+---------------------+---------------------------+-------------+------------+--------------+---------+-----------+------+--------------+------------+-----------------------------------+---------------+--------------+
Note: For table entries with two numbers listed, the numbers in parentheses indicate the number of resources of the given type used by the specific entity alone. The numbers listed outside of parentheses indicate the total resources of the given type used by the specific entity and all of its sub-entities in the hierarchy.


+---------------------------------------------------------------------------------------------------+
; User-Specified and Inferred Latches                                                               ;
+----------------------------------------------------+---------------------+------------------------+
; Latch Name                                         ; Latch Enable Signal ; Free of Timing Hazards ;
+----------------------------------------------------+---------------------+------------------------+
; K                                                  ; SW[1]               ; yes                    ;
; BUZZ                                               ; SW[1]               ; yes                    ;
; MIN_FLIP_0                                         ; SW[1]               ; yes                    ;
; Number of user-specified and inferred latches = 3  ;                     ;                        ;
+----------------------------------------------------+---------------------+------------------------+
Note: All latches listed above may not be present at the end of synthesis due to various synthesis optimizations.


+--------------------------------------------------------------------------------+
; Registers Removed During Synthesis                                             ;
+---------------------------------------+----------------------------------------+
; Register name                         ; Reason for Removal                     ;
+---------------------------------------+----------------------------------------+
; HEX0[7]~reg0                          ; Stuck at GND due to stuck port data_in ;
; ALM_LIGHT[1..8]                       ; Merged with ALM_LIGHT[0]               ;
; Total Number of Removed Registers = 9 ;                                        ;
+---------------------------------------+----------------------------------------+


+------------------------------------------------------+
; General Register Statistics                          ;
+----------------------------------------------+-------+
; Statistic                                    ; Value ;
+----------------------------------------------+-------+
; Total registers                              ; 291   ;
; Number of registers using Synchronous Clear  ; 128   ;
; Number of registers using Synchronous Load   ; 0     ;
; Number of registers using Asynchronous Clear ; 64    ;
; Number of registers using Asynchronous Load  ; 0     ;
; Number of registers using Clock Enable       ; 176   ;
; Number of registers using Preset             ; 0     ;
+----------------------------------------------+-------+


+--------------------------------------------------+
; Inverted Register Statistics                     ;
+----------------------------------------+---------+
; Inverted Register                      ; Fan out ;
+----------------------------------------+---------+
; SEC_FLIP_0                             ; 32      ;
; Total number of inverted registers = 1 ;         ;
+----------------------------------------+---------+


+-------------------------------------------------------------------------------------------------------------------------------------------+
; Multiplexer Restructuring Statistics (Restructuring Performed)                                                                            ;
+--------------------+-----------+---------------+----------------------+------------------------+------------+-----------------------------+
; Multiplexer Inputs ; Bus Width ; Baseline Area ; Area if Restructured ; Saving if Restructured ; Registered ; Example Multiplexer Output  ;
+--------------------+-----------+---------------+----------------------+------------------------+------------+-----------------------------+
; 3:1                ; 32 bits   ; 64 LEs        ; 32 LEs               ; 32 LEs                 ; Yes        ; |ANA_CLK_CNT_1|P2_1_0[31]   ;
; 3:1                ; 32 bits   ; 64 LEs        ; 32 LEs               ; 32 LEs                 ; Yes        ; |ANA_CLK_CNT_1|ALM_M[20]    ;
; 3:1                ; 32 bits   ; 64 LEs        ; 32 LEs               ; 32 LEs                 ; Yes        ; |ANA_CLK_CNT_1|P3_1_0[27]   ;
; 3:1                ; 32 bits   ; 64 LEs        ; 32 LEs               ; 32 LEs                 ; Yes        ; |ANA_CLK_CNT_1|ALM_H[16]    ;
; 31:1               ; 2 bits    ; 40 LEs        ; 28 LEs               ; 12 LEs                 ; Yes        ; |ANA_CLK_CNT_1|HEX1[6]~reg0 ;
; 55:1               ; 2 bits    ; 72 LEs        ; 72 LEs               ; 0 LEs                  ; Yes        ; |ANA_CLK_CNT_1|HEX0[6]~reg0 ;
; 57:1               ; 2 bits    ; 76 LEs        ; 76 LEs               ; 0 LEs                  ; Yes        ; |ANA_CLK_CNT_1|HEX0[4]~reg0 ;
; 54:1               ; 2 bits    ; 72 LEs        ; 68 LEs               ; 4 LEs                  ; No         ; |ANA_CLK_CNT_1|HEX5         ;
; 63:1               ; 3 bits    ; 126 LEs       ; 126 LEs              ; 0 LEs                  ; No         ; |ANA_CLK_CNT_1|HEX4         ;
; 72:1               ; 2 bits    ; 96 LEs        ; 96 LEs               ; 0 LEs                  ; No         ; |ANA_CLK_CNT_1|HEX5         ;
; 93:1               ; 2 bits    ; 124 LEs       ; 88 LEs               ; 36 LEs                 ; No         ; |ANA_CLK_CNT_1|HEX3         ;
; 165:1              ; 2 bits    ; 220 LEs       ; 216 LEs              ; 4 LEs                  ; No         ; |ANA_CLK_CNT_1|HEX2         ;
; 171:1              ; 2 bits    ; 228 LEs       ; 228 LEs              ; 0 LEs                  ; No         ; |ANA_CLK_CNT_1|HEX2         ;
+--------------------+-----------+---------------+----------------------+------------------------+------------+-----------------------------+


+-----------------------------------------------------+
; Post-Synthesis Netlist Statistics for Top Partition ;
+-----------------------+-----------------------------+
; Type                  ; Count                       ;
+-----------------------+-----------------------------+
; boundary_port         ; 108                         ;
; cycloneiii_ff         ; 291                         ;
;     CLR               ; 64                          ;
;     ENA               ; 48                          ;
;     ENA SCLR          ; 128                         ;
;     plain             ; 51                          ;
; cycloneiii_lcell_comb ; 2013                        ;
;     arith             ; 261                         ;
;         2 data inputs ; 257                         ;
;         3 data inputs ; 4                           ;
;     normal            ; 1752                        ;
;         0 data inputs ; 1                           ;
;         1 data inputs ; 16                          ;
;         2 data inputs ; 199                         ;
;         3 data inputs ; 288                         ;
;         4 data inputs ; 1248                        ;
;                       ;                             ;
; Max LUT depth         ; 19.00                       ;
; Average LUT depth     ; 11.17                       ;
+-----------------------+-----------------------------+


+-------------------------------+
; Elapsed Time Per Partition    ;
+----------------+--------------+
; Partition Name ; Elapsed Time ;
+----------------+--------------+
; Top            ; 00:00:46     ;
+----------------+--------------+


+-------------------------------+
; Analysis & Synthesis Messages ;
+-------------------------------+
Info: *******************************************************************
Info: Running Quartus Prime Analysis & Synthesis
    Info: Version 18.1.0 Build 625 09/12/2018 SJ Lite Edition
    Info: Processing started: Fri Jan 14 14:19:11 2022
Info: Command: quartus_map --read_settings_files=on --write_settings_files=off Group_3 -c Group_3
Warning (18236): Number of processors has not been specified which may cause overloading on shared machines.  Set the global assignment NUM_PARALLEL_PROCESSORS in your QSF to an appropriate value for best performance.
Info (20030): Parallel compilation is enabled and will use 2 of the 2 processors detected
Info (12021): Found 2 design units, including 1 entities, in source file pl_clk.vhd
    Info (12022): Found design unit 1: Pl_CLK-Behavior File: C:/Users/ADMIN/Desktop/zee/Pl_CLK.vhd Line: 12
    Info (12023): Found entity 1: Pl_CLK File: C:/Users/ADMIN/Desktop/zee/Pl_CLK.vhd Line: 5
Info (12021): Found 2 design units, including 1 entities, in source file alm_clk.vhd
    Info (12022): Found design unit 1: ALM_CLK-Behavior File: C:/Users/ADMIN/Desktop/zee/ALM_CLK.vhd Line: 12
    Info (12023): Found entity 1: ALM_CLK File: C:/Users/ADMIN/Desktop/zee/ALM_CLK.vhd Line: 5
Warning (12019): Can't analyze file -- file ../../Project/Trial_8/Pl_CLK.vhd is missing
Info (12021): Found 2 design units, including 1 entities, in source file ana_clk_cnt_1.vhd
    Info (12022): Found design unit 1: ANA_CLK_CNT_1-behaviour File: C:/Users/ADMIN/Desktop/zee/ANA_CLK_CNT_1.vhd Line: 21
    Info (12023): Found entity 1: ANA_CLK_CNT_1 File: C:/Users/ADMIN/Desktop/zee/ANA_CLK_CNT_1.vhd Line: 5
Warning (12019): Can't analyze file -- file output_files/ALM_CLK.vhd is missing
Info (12127): Elaborating entity "ANA_CLK_CNT_1" for the top level hierarchy
Warning (10492): VHDL Process Statement warning at ANA_CLK_CNT_1.vhd(56): signal "SET" is read inside the Process Statement but isn't in the Process Statement's sensitivity list File: C:/Users/ADMIN/Desktop/zee/ANA_CLK_CNT_1.vhd Line: 56
Warning (10492): VHDL Process Statement warning at ANA_CLK_CNT_1.vhd(349): signal "SET" is read inside the Process Statement but isn't in the Process Statement's sensitivity list File: C:/Users/ADMIN/Desktop/zee/ANA_CLK_CNT_1.vhd Line: 349
Warning (10492): VHDL Process Statement warning at ANA_CLK_CNT_1.vhd(644): signal "SW" is read inside the Process Statement but isn't in the Process Statement's sensitivity list File: C:/Users/ADMIN/Desktop/zee/ANA_CLK_CNT_1.vhd Line: 644
Warning (10492): VHDL Process Statement warning at ANA_CLK_CNT_1.vhd(647): signal "CLK_ALM" is read inside the Process Statement but isn't in the Process Statement's sensitivity list File: C:/Users/ADMIN/Desktop/zee/ANA_CLK_CNT_1.vhd Line: 647
Warning (10631): VHDL Process Statement warning at ANA_CLK_CNT_1.vhd(49): inferring latch(es) for signal or variable "K", which holds its previous value in one or more paths through the process File: C:/Users/ADMIN/Desktop/zee/ANA_CLK_CNT_1.vhd Line: 49
Warning (10631): VHDL Process Statement warning at ANA_CLK_CNT_1.vhd(49): inferring latch(es) for signal or variable "BUZZ", which holds its previous value in one or more paths through the process File: C:/Users/ADMIN/Desktop/zee/ANA_CLK_CNT_1.vhd Line: 49
Warning (10631): VHDL Process Statement warning at ANA_CLK_CNT_1.vhd(49): inferring latch(es) for signal or variable "MIN_FLIP_0", which holds its previous value in one or more paths through the process File: C:/Users/ADMIN/Desktop/zee/ANA_CLK_CNT_1.vhd Line: 49
Warning (10873): Using initial value X (don't care) for net "GPIO[36..6]" at ANA_CLK_CNT_1.vhd(16) File: C:/Users/ADMIN/Desktop/zee/ANA_CLK_CNT_1.vhd Line: 16
Warning (10873): Using initial value X (don't care) for net "GPIO[4..0]" at ANA_CLK_CNT_1.vhd(16) File: C:/Users/ADMIN/Desktop/zee/ANA_CLK_CNT_1.vhd Line: 16
Info (10041): Inferred latch for "MIN_FLIP_0" at ANA_CLK_CNT_1.vhd(49) File: C:/Users/ADMIN/Desktop/zee/ANA_CLK_CNT_1.vhd Line: 49
Info (10041): Inferred latch for "BUZZ" at ANA_CLK_CNT_1.vhd(49) File: C:/Users/ADMIN/Desktop/zee/ANA_CLK_CNT_1.vhd Line: 49
Info (10041): Inferred latch for "K" at ANA_CLK_CNT_1.vhd(49) File: C:/Users/ADMIN/Desktop/zee/ANA_CLK_CNT_1.vhd Line: 49
Info (12128): Elaborating entity "Pl_CLK" for hierarchy "Pl_CLK:DISP_CLK_3" File: C:/Users/ADMIN/Desktop/zee/ANA_CLK_CNT_1.vhd Line: 44
Warning (10492): VHDL Process Statement warning at Pl_CLK.vhd(26): signal "tmp" is read inside the Process Statement but isn't in the Process Statement's sensitivity list File: C:/Users/ADMIN/Desktop/zee/Pl_CLK.vhd Line: 26
Info (12128): Elaborating entity "ALM_CLK" for hierarchy "ALM_CLK:DISP_CLK_4" File: C:/Users/ADMIN/Desktop/zee/ANA_CLK_CNT_1.vhd Line: 46
Warning (10492): VHDL Process Statement warning at ALM_CLK.vhd(26): signal "tmp" is read inside the Process Statement but isn't in the Process Statement's sensitivity list File: C:/Users/ADMIN/Desktop/zee/ALM_CLK.vhd Line: 26
Info (13025): Duplicate LATCH primitives merged into single LATCH primitive
    Info (13026): Duplicate LATCH primitive "BUZZ" merged with LATCH primitive "K" File: C:/Users/ADMIN/Desktop/zee/ANA_CLK_CNT_1.vhd Line: 49
Warning (13004): Presettable and clearable registers converted to equivalent circuits with latches. Registers power-up to an undefined state, and DEVCLRn places the registers in an undefined state.
    Warning (13310): Register "P2_0[31]" is converted into an equivalent circuit using register "P2_0[31]~_emulated" and latch "P2_0[31]~1" File: C:/Users/ADMIN/Desktop/zee/ANA_CLK_CNT_1.vhd Line: 863
    Warning (13310): Register "P2_0[30]" is converted into an equivalent circuit using register "P2_0[30]~_emulated" and latch "P2_0[30]~6" File: C:/Users/ADMIN/Desktop/zee/ANA_CLK_CNT_1.vhd Line: 863
    Warning (13310): Register "P2_0[29]" is converted into an equivalent circuit using register "P2_0[29]~_emulated" and latch "P2_0[29]~11" File: C:/Users/ADMIN/Desktop/zee/ANA_CLK_CNT_1.vhd Line: 863
    Warning (13310): Register "P2_0[28]" is converted into an equivalent circuit using register "P2_0[28]~_emulated" and latch "P2_0[28]~16" File: C:/Users/ADMIN/Desktop/zee/ANA_CLK_CNT_1.vhd Line: 863
    Warning (13310): Register "P2_0[27]" is converted into an equivalent circuit using register "P2_0[27]~_emulated" and latch "P2_0[27]~21" File: C:/Users/ADMIN/Desktop/zee/ANA_CLK_CNT_1.vhd Line: 863
    Warning (13310): Register "P2_0[26]" is converted into an equivalent circuit using register "P2_0[26]~_emulated" and latch "P2_0[26]~26" File: C:/Users/ADMIN/Desktop/zee/ANA_CLK_CNT_1.vhd Line: 863
    Warning (13310): Register "P2_0[25]" is converted into an equivalent circuit using register "P2_0[25]~_emulated" and latch "P2_0[25]~31" File: C:/Users/ADMIN/Desktop/zee/ANA_CLK_CNT_1.vhd Line: 863
    Warning (13310): Register "P2_0[24]" is converted into an equivalent circuit using register "P2_0[24]~_emulated" and latch "P2_0[24]~36" File: C:/Users/ADMIN/Desktop/zee/ANA_CLK_CNT_1.vhd Line: 863
    Warning (13310): Register "P2_0[23]" is converted into an equivalent circuit using register "P2_0[23]~_emulated" and latch "P2_0[23]~41" File: C:/Users/ADMIN/Desktop/zee/ANA_CLK_CNT_1.vhd Line: 863
    Warning (13310): Register "P2_0[22]" is converted into an equivalent circuit using register "P2_0[22]~_emulated" and latch "P2_0[22]~46" File: C:/Users/ADMIN/Desktop/zee/ANA_CLK_CNT_1.vhd Line: 863
    Warning (13310): Register "P2_0[21]" is converted into an equivalent circuit using register "P2_0[21]~_emulated" and latch "P2_0[21]~51" File: C:/Users/ADMIN/Desktop/zee/ANA_CLK_CNT_1.vhd Line: 863
    Warning (13310): Register "P2_0[20]" is converted into an equivalent circuit using register "P2_0[20]~_emulated" and latch "P2_0[20]~56" File: C:/Users/ADMIN/Desktop/zee/ANA_CLK_CNT_1.vhd Line: 863
    Warning (13310): Register "P2_0[19]" is converted into an equivalent circuit using register "P2_0[19]~_emulated" and latch "P2_0[19]~61" File: C:/Users/ADMIN/Desktop/zee/ANA_CLK_CNT_1.vhd Line: 863
    Warning (13310): Register "P2_0[18]" is converted into an equivalent circuit using register "P2_0[18]~_emulated" and latch "P2_0[18]~66" File: C:/Users/ADMIN/Desktop/zee/ANA_CLK_CNT_1.vhd Line: 863
    Warning (13310): Register "P2_0[17]" is converted into an equivalent circuit using register "P2_0[17]~_emulated" and latch "P2_0[17]~71" File: C:/Users/ADMIN/Desktop/zee/ANA_CLK_CNT_1.vhd Line: 863
    Warning (13310): Register "P2_0[16]" is converted into an equivalent circuit using register "P2_0[16]~_emulated" and latch "P2_0[16]~76" File: C:/Users/ADMIN/Desktop/zee/ANA_CLK_CNT_1.vhd Line: 863
    Warning (13310): Register "P2_0[15]" is converted into an equivalent circuit using register "P2_0[15]~_emulated" and latch "P2_0[15]~81" File: C:/Users/ADMIN/Desktop/zee/ANA_CLK_CNT_1.vhd Line: 863
    Warning (13310): Register "P2_0[14]" is converted into an equivalent circuit using register "P2_0[14]~_emulated" and latch "P2_0[14]~86" File: C:/Users/ADMIN/Desktop/zee/ANA_CLK_CNT_1.vhd Line: 863
    Warning (13310): Register "P2_0[13]" is converted into an equivalent circuit using register "P2_0[13]~_emulated" and latch "P2_0[13]~91" File: C:/Users/ADMIN/Desktop/zee/ANA_CLK_CNT_1.vhd Line: 863
    Warning (13310): Register "P2_0[12]" is converted into an equivalent circuit using register "P2_0[12]~_emulated" and latch "P2_0[12]~96" File: C:/Users/ADMIN/Desktop/zee/ANA_CLK_CNT_1.vhd Line: 863
    Warning (13310): Register "P2_0[11]" is converted into an equivalent circuit using register "P2_0[11]~_emulated" and latch "P2_0[11]~101" File: C:/Users/ADMIN/Desktop/zee/ANA_CLK_CNT_1.vhd Line: 863
    Warning (13310): Register "P2_0[10]" is converted into an equivalent circuit using register "P2_0[10]~_emulated" and latch "P2_0[10]~106" File: C:/Users/ADMIN/Desktop/zee/ANA_CLK_CNT_1.vhd Line: 863
    Warning (13310): Register "P2_0[9]" is converted into an equivalent circuit using register "P2_0[9]~_emulated" and latch "P2_0[9]~111" File: C:/Users/ADMIN/Desktop/zee/ANA_CLK_CNT_1.vhd Line: 863
    Warning (13310): Register "P2_0[8]" is converted into an equivalent circuit using register "P2_0[8]~_emulated" and latch "P2_0[8]~116" File: C:/Users/ADMIN/Desktop/zee/ANA_CLK_CNT_1.vhd Line: 863
    Warning (13310): Register "P2_0[7]" is converted into an equivalent circuit using register "P2_0[7]~_emulated" and latch "P2_0[7]~121" File: C:/Users/ADMIN/Desktop/zee/ANA_CLK_CNT_1.vhd Line: 863
    Warning (13310): Register "P2_0[6]" is converted into an equivalent circuit using register "P2_0[6]~_emulated" and latch "P2_0[6]~126" File: C:/Users/ADMIN/Desktop/zee/ANA_CLK_CNT_1.vhd Line: 863
    Warning (13310): Register "P2_0[5]" is converted into an equivalent circuit using register "P2_0[5]~_emulated" and latch "P2_0[5]~131" File: C:/Users/ADMIN/Desktop/zee/ANA_CLK_CNT_1.vhd Line: 863
    Warning (13310): Register "P2_0[4]" is converted into an equivalent circuit using register "P2_0[4]~_emulated" and latch "P2_0[4]~136" File: C:/Users/ADMIN/Desktop/zee/ANA_CLK_CNT_1.vhd Line: 863
    Warning (13310): Register "P2_0[3]" is converted into an equivalent circuit using register "P2_0[3]~_emulated" and latch "P2_0[3]~141" File: C:/Users/ADMIN/Desktop/zee/ANA_CLK_CNT_1.vhd Line: 863
    Warning (13310): Register "P2_0[2]" is converted into an equivalent circuit using register "P2_0[2]~_emulated" and latch "P2_0[2]~146" File: C:/Users/ADMIN/Desktop/zee/ANA_CLK_CNT_1.vhd Line: 863
    Warning (13310): Register "P2_0[1]" is converted into an equivalent circuit using register "P2_0[1]~_emulated" and latch "P2_0[1]~151" File: C:/Users/ADMIN/Desktop/zee/ANA_CLK_CNT_1.vhd Line: 863
    Warning (13310): Register "P2_0[0]" is converted into an equivalent circuit using register "P2_0[0]~_emulated" and latch "P2_0[0]~156" File: C:/Users/ADMIN/Desktop/zee/ANA_CLK_CNT_1.vhd Line: 863
    Warning (13310): Register "P3_0[31]" is converted into an equivalent circuit using register "P3_0[31]~_emulated" and latch "P3_0[31]~1" File: C:/Users/ADMIN/Desktop/zee/ANA_CLK_CNT_1.vhd Line: 1064
    Warning (13310): Register "P3_0[30]" is converted into an equivalent circuit using register "P3_0[30]~_emulated" and latch "P3_0[30]~6" File: C:/Users/ADMIN/Desktop/zee/ANA_CLK_CNT_1.vhd Line: 1064
    Warning (13310): Register "P3_0[29]" is converted into an equivalent circuit using register "P3_0[29]~_emulated" and latch "P3_0[29]~11" File: C:/Users/ADMIN/Desktop/zee/ANA_CLK_CNT_1.vhd Line: 1064
    Warning (13310): Register "P3_0[28]" is converted into an equivalent circuit using register "P3_0[28]~_emulated" and latch "P3_0[28]~16" File: C:/Users/ADMIN/Desktop/zee/ANA_CLK_CNT_1.vhd Line: 1064
    Warning (13310): Register "P3_0[27]" is converted into an equivalent circuit using register "P3_0[27]~_emulated" and latch "P3_0[27]~21" File: C:/Users/ADMIN/Desktop/zee/ANA_CLK_CNT_1.vhd Line: 1064
    Warning (13310): Register "P3_0[26]" is converted into an equivalent circuit using register "P3_0[26]~_emulated" and latch "P3_0[26]~26" File: C:/Users/ADMIN/Desktop/zee/ANA_CLK_CNT_1.vhd Line: 1064
    Warning (13310): Register "P3_0[25]" is converted into an equivalent circuit using register "P3_0[25]~_emulated" and latch "P3_0[25]~31" File: C:/Users/ADMIN/Desktop/zee/ANA_CLK_CNT_1.vhd Line: 1064
    Warning (13310): Register "P3_0[24]" is converted into an equivalent circuit using register "P3_0[24]~_emulated" and latch "P3_0[24]~36" File: C:/Users/ADMIN/Desktop/zee/ANA_CLK_CNT_1.vhd Line: 1064
    Warning (13310): Register "P3_0[23]" is converted into an equivalent circuit using register "P3_0[23]~_emulated" and latch "P3_0[23]~41" File: C:/Users/ADMIN/Desktop/zee/ANA_CLK_CNT_1.vhd Line: 1064
    Warning (13310): Register "P3_0[22]" is converted into an equivalent circuit using register "P3_0[22]~_emulated" and latch "P3_0[22]~46" File: C:/Users/ADMIN/Desktop/zee/ANA_CLK_CNT_1.vhd Line: 1064
    Warning (13310): Register "P3_0[21]" is converted into an equivalent circuit using register "P3_0[21]~_emulated" and latch "P3_0[21]~51" File: C:/Users/ADMIN/Desktop/zee/ANA_CLK_CNT_1.vhd Line: 1064
    Warning (13310): Register "P3_0[20]" is converted into an equivalent circuit using register "P3_0[20]~_emulated" and latch "P3_0[20]~56" File: C:/Users/ADMIN/Desktop/zee/ANA_CLK_CNT_1.vhd Line: 1064
    Warning (13310): Register "P3_0[19]" is converted into an equivalent circuit using register "P3_0[19]~_emulated" and latch "P3_0[19]~61" File: C:/Users/ADMIN/Desktop/zee/ANA_CLK_CNT_1.vhd Line: 1064
    Warning (13310): Register "P3_0[18]" is converted into an equivalent circuit using register "P3_0[18]~_emulated" and latch "P3_0[18]~66" File: C:/Users/ADMIN/Desktop/zee/ANA_CLK_CNT_1.vhd Line: 1064
    Warning (13310): Register "P3_0[17]" is converted into an equivalent circuit using register "P3_0[17]~_emulated" and latch "P3_0[17]~71" File: C:/Users/ADMIN/Desktop/zee/ANA_CLK_CNT_1.vhd Line: 1064
    Warning (13310): Register "P3_0[16]" is converted into an equivalent circuit using register "P3_0[16]~_emulated" and latch "P3_0[16]~76" File: C:/Users/ADMIN/Desktop/zee/ANA_CLK_CNT_1.vhd Line: 1064
    Warning (13310): Register "P3_0[15]" is converted into an equivalent circuit using register "P3_0[15]~_emulated" and latch "P3_0[15]~81" File: C:/Users/ADMIN/Desktop/zee/ANA_CLK_CNT_1.vhd Line: 1064
    Warning (13310): Register "P3_0[14]" is converted into an equivalent circuit using register "P3_0[14]~_emulated" and latch "P3_0[14]~86" File: C:/Users/ADMIN/Desktop/zee/ANA_CLK_CNT_1.vhd Line: 1064
    Warning (13310): Register "P3_0[13]" is converted into an equivalent circuit using register "P3_0[13]~_emulated" and latch "P3_0[13]~91" File: C:/Users/ADMIN/Desktop/zee/ANA_CLK_CNT_1.vhd Line: 1064
    Warning (13310): Register "P3_0[12]" is converted into an equivalent circuit using register "P3_0[12]~_emulated" and latch "P3_0[12]~96" File: C:/Users/ADMIN/Desktop/zee/ANA_CLK_CNT_1.vhd Line: 1064
    Warning (13310): Register "P3_0[11]" is converted into an equivalent circuit using register "P3_0[11]~_emulated" and latch "P3_0[11]~101" File: C:/Users/ADMIN/Desktop/zee/ANA_CLK_CNT_1.vhd Line: 1064
    Warning (13310): Register "P3_0[10]" is converted into an equivalent circuit using register "P3_0[10]~_emulated" and latch "P3_0[10]~106" File: C:/Users/ADMIN/Desktop/zee/ANA_CLK_CNT_1.vhd Line: 1064
    Warning (13310): Register "P3_0[9]" is converted into an equivalent circuit using register "P3_0[9]~_emulated" and latch "P3_0[9]~111" File: C:/Users/ADMIN/Desktop/zee/ANA_CLK_CNT_1.vhd Line: 1064
    Warning (13310): Register "P3_0[8]" is converted into an equivalent circuit using register "P3_0[8]~_emulated" and latch "P3_0[8]~116" File: C:/Users/ADMIN/Desktop/zee/ANA_CLK_CNT_1.vhd Line: 1064
    Warning (13310): Register "P3_0[7]" is converted into an equivalent circuit using register "P3_0[7]~_emulated" and latch "P3_0[7]~121" File: C:/Users/ADMIN/Desktop/zee/ANA_CLK_CNT_1.vhd Line: 1064
    Warning (13310): Register "P3_0[6]" is converted into an equivalent circuit using register "P3_0[6]~_emulated" and latch "P3_0[6]~126" File: C:/Users/ADMIN/Desktop/zee/ANA_CLK_CNT_1.vhd Line: 1064
    Warning (13310): Register "P3_0[5]" is converted into an equivalent circuit using register "P3_0[5]~_emulated" and latch "P3_0[5]~131" File: C:/Users/ADMIN/Desktop/zee/ANA_CLK_CNT_1.vhd Line: 1064
    Warning (13310): Register "P3_0[4]" is converted into an equivalent circuit using register "P3_0[4]~_emulated" and latch "P3_0[4]~136" File: C:/Users/ADMIN/Desktop/zee/ANA_CLK_CNT_1.vhd Line: 1064
    Warning (13310): Register "P3_0[3]" is converted into an equivalent circuit using register "P3_0[3]~_emulated" and latch "P3_0[3]~141" File: C:/Users/ADMIN/Desktop/zee/ANA_CLK_CNT_1.vhd Line: 1064
    Warning (13310): Register "P3_0[2]" is converted into an equivalent circuit using register "P3_0[2]~_emulated" and latch "P3_0[2]~146" File: C:/Users/ADMIN/Desktop/zee/ANA_CLK_CNT_1.vhd Line: 1064
    Warning (13310): Register "P3_0[1]" is converted into an equivalent circuit using register "P3_0[1]~_emulated" and latch "P3_0[1]~151" File: C:/Users/ADMIN/Desktop/zee/ANA_CLK_CNT_1.vhd Line: 1064
    Warning (13310): Register "P3_0[0]" is converted into an equivalent circuit using register "P3_0[0]~_emulated" and latch "P3_0[0]~156" File: C:/Users/ADMIN/Desktop/zee/ANA_CLK_CNT_1.vhd Line: 1064
Warning (13024): Output pins are stuck at VCC or GND
    Warning (13410): Pin "HEX0[7]" is stuck at GND File: C:/Users/ADMIN/Desktop/zee/ANA_CLK_CNT_1.vhd Line: 659
    Warning (13410): Pin "HEX2[7]" is stuck at GND File: C:/Users/ADMIN/Desktop/zee/ANA_CLK_CNT_1.vhd Line: 12
    Warning (13410): Pin "HEX4[7]" is stuck at GND File: C:/Users/ADMIN/Desktop/zee/ANA_CLK_CNT_1.vhd Line: 14
    Warning (13410): Pin "GPIO[0]" is stuck at GND File: C:/Users/ADMIN/Desktop/zee/ANA_CLK_CNT_1.vhd Line: 16
    Warning (13410): Pin "GPIO[1]" is stuck at GND File: C:/Users/ADMIN/Desktop/zee/ANA_CLK_CNT_1.vhd Line: 16
    Warning (13410): Pin "GPIO[2]" is stuck at GND File: C:/Users/ADMIN/Desktop/zee/ANA_CLK_CNT_1.vhd Line: 16
    Warning (13410): Pin "GPIO[3]" is stuck at GND File: C:/Users/ADMIN/Desktop/zee/ANA_CLK_CNT_1.vhd Line: 16
    Warning (13410): Pin "GPIO[4]" is stuck at GND File: C:/Users/ADMIN/Desktop/zee/ANA_CLK_CNT_1.vhd Line: 16
    Warning (13410): Pin "GPIO[6]" is stuck at GND File: C:/Users/ADMIN/Desktop/zee/ANA_CLK_CNT_1.vhd Line: 16
    Warning (13410): Pin "GPIO[7]" is stuck at GND File: C:/Users/ADMIN/Desktop/zee/ANA_CLK_CNT_1.vhd Line: 16
    Warning (13410): Pin "GPIO[8]" is stuck at GND File: C:/Users/ADMIN/Desktop/zee/ANA_CLK_CNT_1.vhd Line: 16
    Warning (13410): Pin "GPIO[9]" is stuck at GND File: C:/Users/ADMIN/Desktop/zee/ANA_CLK_CNT_1.vhd Line: 16
    Warning (13410): Pin "GPIO[10]" is stuck at GND File: C:/Users/ADMIN/Desktop/zee/ANA_CLK_CNT_1.vhd Line: 16
    Warning (13410): Pin "GPIO[11]" is stuck at GND File: C:/Users/ADMIN/Desktop/zee/ANA_CLK_CNT_1.vhd Line: 16
    Warning (13410): Pin "GPIO[12]" is stuck at GND File: C:/Users/ADMIN/Desktop/zee/ANA_CLK_CNT_1.vhd Line: 16
    Warning (13410): Pin "GPIO[13]" is stuck at GND File: C:/Users/ADMIN/Desktop/zee/ANA_CLK_CNT_1.vhd Line: 16
    Warning (13410): Pin "GPIO[14]" is stuck at GND File: C:/Users/ADMIN/Desktop/zee/ANA_CLK_CNT_1.vhd Line: 16
    Warning (13410): Pin "GPIO[15]" is stuck at GND File: C:/Users/ADMIN/Desktop/zee/ANA_CLK_CNT_1.vhd Line: 16
    Warning (13410): Pin "GPIO[16]" is stuck at GND File: C:/Users/ADMIN/Desktop/zee/ANA_CLK_CNT_1.vhd Line: 16
    Warning (13410): Pin "GPIO[17]" is stuck at GND File: C:/Users/ADMIN/Desktop/zee/ANA_CLK_CNT_1.vhd Line: 16
    Warning (13410): Pin "GPIO[18]" is stuck at GND File: C:/Users/ADMIN/Desktop/zee/ANA_CLK_CNT_1.vhd Line: 16
    Warning (13410): Pin "GPIO[19]" is stuck at GND File: C:/Users/ADMIN/Desktop/zee/ANA_CLK_CNT_1.vhd Line: 16
    Warning (13410): Pin "GPIO[20]" is stuck at GND File: C:/Users/ADMIN/Desktop/zee/ANA_CLK_CNT_1.vhd Line: 16
    Warning (13410): Pin "GPIO[21]" is stuck at GND File: C:/Users/ADMIN/Desktop/zee/ANA_CLK_CNT_1.vhd Line: 16
    Warning (13410): Pin "GPIO[22]" is stuck at GND File: C:/Users/ADMIN/Desktop/zee/ANA_CLK_CNT_1.vhd Line: 16
    Warning (13410): Pin "GPIO[23]" is stuck at GND File: C:/Users/ADMIN/Desktop/zee/ANA_CLK_CNT_1.vhd Line: 16
    Warning (13410): Pin "GPIO[24]" is stuck at GND File: C:/Users/ADMIN/Desktop/zee/ANA_CLK_CNT_1.vhd Line: 16
    Warning (13410): Pin "GPIO[25]" is stuck at GND File: C:/Users/ADMIN/Desktop/zee/ANA_CLK_CNT_1.vhd Line: 16
    Warning (13410): Pin "GPIO[26]" is stuck at GND File: C:/Users/ADMIN/Desktop/zee/ANA_CLK_CNT_1.vhd Line: 16
    Warning (13410): Pin "GPIO[27]" is stuck at GND File: C:/Users/ADMIN/Desktop/zee/ANA_CLK_CNT_1.vhd Line: 16
    Warning (13410): Pin "GPIO[28]" is stuck at GND File: C:/Users/ADMIN/Desktop/zee/ANA_CLK_CNT_1.vhd Line: 16
    Warning (13410): Pin "GPIO[29]" is stuck at GND File: C:/Users/ADMIN/Desktop/zee/ANA_CLK_CNT_1.vhd Line: 16
    Warning (13410): Pin "GPIO[30]" is stuck at GND File: C:/Users/ADMIN/Desktop/zee/ANA_CLK_CNT_1.vhd Line: 16
    Warning (13410): Pin "GPIO[31]" is stuck at GND File: C:/Users/ADMIN/Desktop/zee/ANA_CLK_CNT_1.vhd Line: 16
    Warning (13410): Pin "GPIO[32]" is stuck at GND File: C:/Users/ADMIN/Desktop/zee/ANA_CLK_CNT_1.vhd Line: 16
    Warning (13410): Pin "GPIO[33]" is stuck at GND File: C:/Users/ADMIN/Desktop/zee/ANA_CLK_CNT_1.vhd Line: 16
    Warning (13410): Pin "GPIO[34]" is stuck at GND File: C:/Users/ADMIN/Desktop/zee/ANA_CLK_CNT_1.vhd Line: 16
    Warning (13410): Pin "GPIO[35]" is stuck at GND File: C:/Users/ADMIN/Desktop/zee/ANA_CLK_CNT_1.vhd Line: 16
    Warning (13410): Pin "GPIO[36]" is stuck at GND File: C:/Users/ADMIN/Desktop/zee/ANA_CLK_CNT_1.vhd Line: 16
Info (286030): Timing-Driven Synthesis is running
Info (16010): Generating hard_block partition "hard_block:auto_generated_inst"
    Info (16011): Adding 0 node(s), including 0 DDIO, 0 PLL, 0 transceiver and 0 LCELL
Warning (21074): Design contains 6 input pin(s) that do not drive logic
    Warning (15610): No output dependent on input pin "SW[2]" File: C:/Users/ADMIN/Desktop/zee/ANA_CLK_CNT_1.vhd Line: 8
    Warning (15610): No output dependent on input pin "SW[3]" File: C:/Users/ADMIN/Desktop/zee/ANA_CLK_CNT_1.vhd Line: 8
    Warning (15610): No output dependent on input pin "SW[4]" File: C:/Users/ADMIN/Desktop/zee/ANA_CLK_CNT_1.vhd Line: 8
    Warning (15610): No output dependent on input pin "SW[5]" File: C:/Users/ADMIN/Desktop/zee/ANA_CLK_CNT_1.vhd Line: 8
    Warning (15610): No output dependent on input pin "SW[6]" File: C:/Users/ADMIN/Desktop/zee/ANA_CLK_CNT_1.vhd Line: 8
    Warning (15610): No output dependent on input pin "SW[7]" File: C:/Users/ADMIN/Desktop/zee/ANA_CLK_CNT_1.vhd Line: 8
Info (21057): Implemented 2129 device resources after synthesis - the final resource count might be different
    Info (21058): Implemented 13 input pins
    Info (21059): Implemented 95 output pins
    Info (21061): Implemented 2021 logic cells
Info: Quartus Prime Analysis & Synthesis was successful. 0 errors, 126 warnings
    Info: Peak virtual memory: 4800 megabytes
    Info: Processing ended: Fri Jan 14 14:20:27 2022
    Info: Elapsed time: 00:01:16
    Info: Total CPU time (on all processors): 00:01:47


